[debug] [2021-11-13T16:33:42.474Z] ----------------------------------------------------------------------
[debug] [2021-11-13T16:33:42.476Z] Command:       C:\Program Files\nodejs\node.exe C:\Users\callm\AppData\Roaming\npm\node_modules\firebase-tools\lib\bin\firebase.js init
[debug] [2021-11-13T16:33:42.476Z] CLI Version:   9.22.0
[debug] [2021-11-13T16:33:42.476Z] Platform:      win32
[debug] [2021-11-13T16:33:42.476Z] Node Version:  v16.13.0
[debug] [2021-11-13T16:33:42.477Z] Time:          Sat Nov 13 2021 10:33:42 GMT-0600 (Central Standard Time)
[debug] [2021-11-13T16:33:42.477Z] ----------------------------------------------------------------------
[debug] 
[debug] [2021-11-13T16:33:42.484Z] > command requires scopes: ["email","openid","https://www.googleapis.com/auth/cloudplatformprojects.readonly","https://www.googleapis.com/auth/firebase","https://www.googleapis.com/auth/cloud-platform"]
[debug] [2021-11-13T16:33:42.484Z] > authorizing via signed-in user (aswin.timalsina1@gmail.com)
[info] 
     ######## #### ########  ######## ########     ###     ######  ########
     ##        ##  ##     ## ##       ##     ##  ##   ##  ##       ##
     ######    ##  ########  ######   ########  #########  ######  ######
     ##        ##  ##    ##  ##       ##     ## ##     ##       ## ##
     ##       #### ##     ## ######## ########  ##     ##  ######  ########

You're about to initialize a Firebase project in this directory:

  C:\Users\callm\Desktop\react-portfolio

[info] 
=== Project Setup
[info] 
[info] First, let's associate this project directory with a Firebase project.
[info] You can create multiple project aliases by running firebase use --add, 
[info] but for now we'll just set up a default project.
[info] 
[debug] [2021-11-13T16:34:56.848Z] >>> [apiv2][query] GET https://firebase.googleapis.com/v1beta1/projects pageSize=100
[debug] [2021-11-13T16:34:57.201Z] <<< [apiv2][status] GET https://firebase.googleapis.com/v1beta1/projects 200
[debug] [2021-11-13T16:34:57.201Z] <<< [apiv2][body] GET https://firebase.googleapis.com/v1beta1/projects [omitted]
[info] i  Using project react-portfolio-8d6fa (react-portfolio) 
[info] 
=== Hosting Setup
[info] 
[info] Your public directory is the folder (relative to your project directory) that
[info] will contain Hosting assets to be uploaded with firebase deploy. If you
[info] have a build process for your assets, use your build's output directory.
[info] 
[debug] [2021-11-13T16:35:16.900Z] >>> [apiv2][query] GET https://www.gstatic.com/firebasejs/releases.json [none]
[debug] [2021-11-13T16:35:17.049Z] <<< [apiv2][status] GET https://www.gstatic.com/firebasejs/releases.json 200
[debug] [2021-11-13T16:35:17.050Z] <<< [apiv2][body] GET https://www.gstatic.com/firebasejs/releases.json {"current":{"version":"9.4.1","browserURL":"https://www.gstatic.com/firebasejs/9.4.1/firebase.js","packageURL":"https://www.gstatic.com/firebasejs/9.4.1/firebase.tgz"},"live":{"version":"9.4","browserURL":"https://www.gstatic.com/firebasejs/live/9.4/firebase.js","packageURL":"https://www.gstatic.com/firebasejs/live/9.4/firebase.tgz"},"components":{"analytics":"https://www.gstatic.com/firebasejs/9.4.1/firebase-analytics.js","app":"https://www.gstatic.com/firebasejs/9.4.1/firebase-app.js","app-check":"https://www.gstatic.com/firebasejs/9.4.1/firebase-app-check.js","auth":"https://www.gstatic.com/firebasejs/9.4.1/firebase-auth.js","auth/cordova":"https://www.gstatic.com/firebasejs/9.4.1/firebase-auth/cordova.js","auth/react-native":"https://www.gstatic.com/firebasejs/9.4.1/firebase-auth/react-native.js","functions":"https://www.gstatic.com/firebasejs/9.4.1/firebase-functions.js","firestore":"https://www.gstatic.com/firebasejs/9.4.1/firebase-firestore.js","firestore/lite":"https://www.gstatic.com/firebasejs/9.4.1/firebase-firestore/lite.js","storage":"https://www.gstatic.com/firebasejs/9.4.1/firebase-storage.js","performance":"https://www.gstatic.com/firebasejs/9.4.1/firebase-performance.js","remote-config":"https://www.gstatic.com/firebasejs/9.4.1/firebase-remote-config.js","messaging":"https://www.gstatic.com/firebasejs/9.4.1/firebase-messaging.js","messaging/sw":"https://www.gstatic.com/firebasejs/9.4.1/firebase-messaging/sw.js","database":"https://www.gstatic.com/firebasejs/9.4.1/firebase-database.js","firestore.memory":"https://www.gstatic.com/firebasejs/9.4.1/firebase-firestore.memory.js"}}
[info] +  Wrote Y/index.html 
[info] 
[info] i  Detected a .git folder at C:\Users\callm\Desktop\react-portfolio 
[info] i  Authorizing with GitHub to upload your service account to a GitHub repository's secrets store. 
[info] 
[info] Visit this URL on this device to log in:
[info] https://github.com/login/oauth/authorize?client_id=89cf50f02ac6aaed3484&state=260627586&redirect_uri=http%3A%2F%2Flocalhost%3A9005&scope=read%3Auser%20repo%20public_repo
[info] 
[info] Waiting for authentication...
[debug] [2021-11-13T16:35:17.652Z] >>> HTTP REQUEST POST https://github.com/login/oauth/access_token  
 {"client_id":"89cf50f02ac6aaed3484","client_secret":"3330d14abc895d9a74d5f17cd7a00711fa2c5bf0","code":"9e1a8651ba257e71633b","redirect_uri":"http://localhost:9005","state":"260627586"}
[debug] [2021-11-13T16:35:17.892Z] <<< HTTP RESPONSE 200 {"server":"GitHub.com","date":"Sat, 13 Nov 2021 16:35:18 GMT","content-type":"application/json; charset=utf-8","transfer-encoding":"chunked","vary":"X-PJAX, X-PJAX-Container, Accept-Encoding, Accept, X-Requested-With","permissions-policy":"interest-cohort=()","etag":"W/\"7f042e81a0b2899899a708dd3e56bcb5\"","cache-control":"max-age=0, private, must-revalidate","strict-transport-security":"max-age=31536000; includeSubdomains; preload","x-frame-options":"deny","x-content-type-options":"nosniff","x-xss-protection":"0","referrer-policy":"origin-when-cross-origin, strict-origin-when-cross-origin","expect-ct":"max-age=2592000, report-uri=\"https://api.github.com/_private/browser/errors\"","content-security-policy":"default-src 'none'; base-uri 'self'; block-all-mixed-content; child-src github.com/assets-cdn/worker/ gist.github.com/assets-cdn/worker/; connect-src 'self' uploads.github.com objects-origin.githubusercontent.com www.githubstatus.com collector.githubapp.com api.github.com github-cloud.s3.amazonaws.com github-production-repository-file-5c1aeb.s3.amazonaws.com github-production-upload-manifest-file-7fdce7.s3.amazonaws.com github-production-user-asset-6210df.s3.amazonaws.com cdn.optimizely.com logx.optimizely.com/v1/events translator.github.com wss://alive.github.com; font-src github.githubassets.com; form-action 'self' github.com gist.github.com objects-origin.githubusercontent.com; frame-ancestors 'none'; frame-src render.githubusercontent.com viewscreen.githubusercontent.com notebooks.githubusercontent.com; img-src 'self' data: github.githubassets.com identicons.github.com collector.githubapp.com github-cloud.s3.amazonaws.com secured-user-images.githubusercontent.com/ *.githubusercontent.com; manifest-src 'self'; media-src github.com user-images.githubusercontent.com/; script-src github.githubassets.com; style-src 'unsafe-inline' github.githubassets.com; worker-src github.com/assets-cdn/worker/ gist.github.com/assets-cdn/worker/","x-github-request-id":"EA5B:4D79:19C4492:2A6BBE5:618FE946"}
[debug] [2021-11-13T16:35:17.904Z] >>> [apiv2][query] GET https://api.github.com/user [none]
[debug] [2021-11-13T16:35:18.195Z] <<< [apiv2][status] GET https://api.github.com/user 200
[debug] [2021-11-13T16:35:18.196Z] <<< [apiv2][body] GET https://api.github.com/user {"login":"AswinTimalsina","id":50852113,"node_id":"MDQ6VXNlcjUwODUyMTEz","avatar_url":"https://avatars.githubusercontent.com/u/50852113?v=4","gravatar_id":"","url":"https://api.github.com/users/AswinTimalsina","html_url":"https://github.com/AswinTimalsina","followers_url":"https://api.github.com/users/AswinTimalsina/followers","following_url":"https://api.github.com/users/AswinTimalsina/following{/other_user}","gists_url":"https://api.github.com/users/AswinTimalsina/gists{/gist_id}","starred_url":"https://api.github.com/users/AswinTimalsina/starred{/owner}{/repo}","subscriptions_url":"https://api.github.com/users/AswinTimalsina/subscriptions","organizations_url":"https://api.github.com/users/AswinTimalsina/orgs","repos_url":"https://api.github.com/users/AswinTimalsina/repos","events_url":"https://api.github.com/users/AswinTimalsina/events{/privacy}","received_events_url":"https://api.github.com/users/AswinTimalsina/received_events","type":"User","site_admin":false,"name":null,"company":"https://leetcode.com/aswintimalsina1/","blog":"aswintimalsina.me","location":null,"email":null,"hireable":null,"bio":"You can learn anything!","twitter_username":null,"public_repos":35,"public_gists":0,"followers":8,"following":169,"created_at":"2019-05-21T00:53:52Z","updated_at":"2021-11-03T15:31:28Z","private_gists":0,"total_private_repos":19,"owned_private_repos":19,"disk_usage":270443,"collaborators":7,"two_factor_authentication":false,"plan":{"name":"pro","space":976562499,"collaborators":0,"private_repos":9999}}
[info] 
[info] +  Success! Logged into GitHub as AswinTimalsina 
[info] 
